[INFO] Scanning for projects...
[INFO] 
[INFO] ----------------------< Alv.product:e2e.product >-----------------------
[INFO] Building AlvatrossProduct 0.0.1-SNAPSHOT
[INFO] --------------------------------[ jar ]---------------------------------
[INFO] 
[INFO] --- maven-clean-plugin:2.5:clean (default-clean) @ e2e.product ---
[INFO] Deleting C:\Users\ismael.sanroman\eclipse-workspace\alvatross-product\target
[INFO] 
[INFO] --- maven-resources-plugin:2.6:resources (default-resources) @ e2e.product ---
[INFO] Using 'UTF-8' encoding to copy filtered resources.
[INFO] skip non existing resourceDirectory C:\Users\ismael.sanroman\eclipse-workspace\alvatross-product\src\main\resources
[INFO] 
[INFO] --- maven-compiler-plugin:3.8.1:compile (default-compile) @ e2e.product ---
[INFO] No sources to compile
[INFO] 
[INFO] --- maven-resources-plugin:2.6:testResources (default-testResources) @ e2e.product ---
[INFO] Using 'UTF-8' encoding to copy filtered resources.
[INFO] Copying 5 resources
[INFO] 
[INFO] --- maven-compiler-plugin:3.8.1:testCompile (default-testCompile) @ e2e.product ---
[INFO] Changes detected - recompiling the module!
[INFO] Compiling 8 source files to C:\Users\ismael.sanroman\eclipse-workspace\alvatross-product\target\test-classes
[INFO] /C:/Users/ismael.sanroman/eclipse-workspace/alvatross-product/src/test/java/Pages/testXray/TestXray.java: C:\Users\ismael.sanroman\eclipse-workspace\alvatross-product\src\test\java\Pages\testXray\TestXray.java uses or overrides a deprecated API.
[INFO] /C:/Users/ismael.sanroman/eclipse-workspace/alvatross-product/src/test/java/Pages/testXray/TestXray.java: Recompile with -Xlint:deprecation for details.
[INFO] 
[INFO] --- maven-surefire-plugin:2.22.0:test (default-test) @ e2e.product ---
[INFO] 
[INFO] -------------------------------------------------------
[INFO]  T E S T S
[INFO] -------------------------------------------------------
[INFO] Running Test product functionality: X
PROP: {url.OM.frontend=https://order-management-frontend.lab36.int.satec.es/product-orders, url.OM.activation=https://activation.lab36.int.satec.es/activation/api/activationOrders/, url.OM.productordering=https://tmf622-product-ordering-api.lab36.int.satec.es/tmf-api/productOrderingManagement/v4/productOrder, url.OM.activationconf=https://service-activation-conf.lab36.int.satec.es/tmf-api/ServiceActivationAndConfiguration/v4/service, url.OM.serviceordering=https://service-ordering-management-api.lab36.int.satec.es/tmf-api/serviceOrdering/v4/serviceOrder, url.ActivationEngine.frontend=https://activation-engine-frontend.lab36.int.satec.es/activation-orders, url.Inventory.frontend=https://service-inventory-frontend.lab36.int.satec.es/services/, url.OM.serviceinventory=https://service-inventory-backend.lab36.int.satec.es/tmf-api/serviceInventory/v4/service}
 --- We access a completed OM order --- 
 --- The order has status Completed--- 
 --- Items of type TelenorMobilePostpaidRFS and TelenorMobilePostpaidCFS have status completed in OM --- 
 --- Services of type TelenorMobilePostpaidRFS and TelenorMobilePostpaidCFS have active status in SI --- 
 --- END TEST --- 
[INFO] Tests run: 2, Failures: 0, Errors: 0, Skipped: 0, Time elapsed: 33.893 s - in Test product functionality: X
[INFO] 
[INFO] Results:
[INFO] 
[INFO] Tests run: 2, Failures: 0, Errors: 0, Skipped: 0
[INFO] 
[INFO] 
[INFO] --- maven-jar-plugin:2.4:jar (default-jar) @ e2e.product ---
[WARNING] JAR will be empty - no content was marked for inclusion!
[INFO] Building jar: C:\Users\ismael.sanroman\eclipse-workspace\alvatross-product\target\e2e.product-0.0.1-SNAPSHOT.jar
[INFO] 
[INFO] --- maven-install-plugin:2.4:install (default-install) @ e2e.product ---
[INFO] Installing C:\Users\ismael.sanroman\eclipse-workspace\alvatross-product\target\e2e.product-0.0.1-SNAPSHOT.jar to C:\Users\ismael.sanroman\.m2\repository\Alv\product\e2e.product\0.0.1-SNAPSHOT\e2e.product-0.0.1-SNAPSHOT.jar
[INFO] Installing C:\Users\ismael.sanroman\eclipse-workspace\alvatross-product\pom.xml to C:\Users\ismael.sanroman\.m2\repository\Alv\product\e2e.product\0.0.1-SNAPSHOT\e2e.product-0.0.1-SNAPSHOT.pom
[INFO] ------------------------------------------------------------------------
[INFO] BUILD SUCCESS
[INFO] ------------------------------------------------------------------------
[INFO] Total time:  44.003 s
[INFO] Finished at: 2022-07-21T14:43:42+02:00
[INFO] ------------------------------------------------------------------------
